<?xml version="1.0" encoding="UTF-8"?>
<!-- Generated by org.testng.reporters.JUnitReportReporter -->
<testsuite skipped="0" hostname="LAPTOP-HIGVABNB" name="org.data.Test2" tests="3" failures="0" timestamp="13 Mar 2021 06:03:58 GMT" time="0.006" errors="0">
  <testcase name="tc22" time="0.001" classname="org.data.Test2"/>
  <testcase name="tc11" time="0.004" classname="org.data.Test2"/>
  <testcase name="tc33" time="0.001" classname="org.data.Test2"/>
</testsuite> <!-- org.data.Test2 -->
