<?xml version="1.0" encoding="UTF-8"?>
<!-- Generated by org.testng.reporters.JUnitReportReporter -->
<testsuite skipped="0" hostname="LAPTOP-HIGVABNB" name="org.data.Test3" tests="3" failures="0" timestamp="13 Mar 2021 06:03:58 GMT" time="0.001" errors="0">
  <testcase name="tc222" time="0.001" classname="org.data.Test3"/>
  <testcase name="tc111" time="0.000" classname="org.data.Test3"/>
  <testcase name="tc333" time="0.000" classname="org.data.Test3"/>
</testsuite> <!-- org.data.Test3 -->
