<?xml version="1.0" encoding="UTF-8"?>
<!-- Generated by org.testng.reporters.JUnitReportReporter -->
<testsuite skipped="0" hostname="LAPTOP-HIGVABNB" name="org.data.Group1" tests="1" failures="0" timestamp="15 Mar 2021 10:40:23 GMT" time="0.015" errors="0">
  <testcase name="tc1" time="0.015" classname="org.data.Group1"/>
</testsuite> <!-- org.data.Group1 -->
