<?xml version="1.0" encoding="UTF-8"?>
<!-- Generated by org.testng.reporters.JUnitReportReporter -->
<testsuite skipped="1" hostname="LAPTOP-HIGVABNB" name="org.data.Testing" tests="7" failures="0" timestamp="12 Mar 2021 05:10:12 GMT" time="0.038" errors="0">
  <testcase name="tcD" time="0.025" classname="org.data.Testing"/>
  <testcase name="tcB" time="0.002" classname="org.data.Testing"/>
  <testcase name="tcC" time="0.005" classname="org.data.Testing"/>
  <testcase name="tcC" time="0.001" classname="org.data.Testing"/>
  <testcase name="tcC" time="0.003" classname="org.data.Testing"/>
  <testcase name="tcC" time="0.002" classname="org.data.Testing"/>
  <testcase name="tcA" classname="org.data.Testing">
    <skipped/>
  </testcase> <!-- tcA -->
</testsuite> <!-- org.data.Testing -->
