<?xml version="1.0" encoding="UTF-8"?>
<!-- Generated by org.testng.reporters.JUnitReportReporter -->
<testsuite skipped="0" hostname="LAPTOP-HIGVABNB" name="org.data.Demo" tests="2" failures="0" timestamp="15 Mar 2021 10:48:55 GMT" time="0.010" errors="0">
  <testcase name="test" time="0.008" classname="org.data.Demo"/>
  <testcase name="test1" time="0.002" classname="org.data.Demo"/>
</testsuite> <!-- org.data.Demo -->
