<?xml version="1.0" encoding="UTF-8"?>
<!-- Generated by org.testng.reporters.JUnitReportReporter -->
<testsuite skipped="0" hostname="LAPTOP-HIGVABNB" name="org.data.Group2" tests="2" failures="0" timestamp="15 Mar 2021 10:40:23 GMT" time="0.000" errors="0">
  <testcase name="tc11" time="0.000" classname="org.data.Group2"/>
  <testcase name="tc22" time="0.000" classname="org.data.Group2"/>
</testsuite> <!-- org.data.Group2 -->
